<?xml version="1.0" encoding="UTF-8"?>
<!-- Generated by org.testng.reporters.JUnitReportReporter -->
<testsuite hostname="Adarshs-MacBook-Pro.local" failures="0" tests="1" name="adarshgowda.SeleniumTestNG.LoginTest" time="13.837" errors="0" timestamp="2025-05-19T12:09:47 IST" skipped="0">
  <testcase classname="adarshgowda.SeleniumTestNG.LoginTest" name="login" time="13.837"/>
</testsuite> <!-- adarshgowda.SeleniumTestNG.LoginTest -->
