<?xml version="1.0" encoding="UTF-8"?>
<!-- Generated by org.testng.reporters.JUnitReportReporter -->
<testsuite hostname="Adarshs-MacBook-Pro.local" failures="0" tests="1" name="adarshgowda.SeleniumTestNG.BaseClass" time="5.503" errors="0" timestamp="2025-05-12T15:49:13 IST" skipped="0">
  <testcase classname="adarshgowda.SeleniumTestNG.BaseClass" name="initalize" time="5.503"/>
</testsuite> <!-- adarshgowda.SeleniumTestNG.BaseClass -->
